<?xml version="1.0" encoding="UTF-8"?>
<!-- Generated by org.testng.reporters.JUnitReportReporter -->
<testsuite hostname="mindq-PC" name="com.kexim.adminlogintestsuite.AD_tc001_ValidateAdminLogin" tests="1" failures="0" timestamp="30 Dec 2015 04:06:06 GMT" time="26.231" errors="0">
  <testcase name="f" time="26.231" classname="com.kexim.adminlogintestsuite.AD_tc001_ValidateAdminLogin"/>
</testsuite> <!-- com.kexim.adminlogintestsuite.AD_tc001_ValidateAdminLogin -->
