<?xml version="1.0" encoding="UTF-8"?>
<!-- Generated by org.testng.reporters.JUnitReportReporter -->
<testsuite hostname="mindq-PC" name="com.kexim.branchestestsuite.BR_tc001_validateBranches" tests="1" failures="0" timestamp="6 Jan 2016 03:44:07 GMT" time="22.737" errors="0">
  <testcase name="f" time="22.737" classname="com.kexim.branchestestsuite.BR_tc001_validateBranches"/>
</testsuite> <!-- com.kexim.branchestestsuite.BR_tc001_validateBranches -->
