<?xml version="1.0" encoding="UTF-8"?>
<!-- Generated by org.testng.reporters.JUnitReportReporter -->
<testsuite hostname="mindq-PC" name="com.kexim.branchestestsuite.BR_tc003_createBranch" tests="1" failures="0" timestamp="25 Jan 2016 03:50:05 GMT" time="89.765" errors="0">
  <testcase name="f" time="89.765" classname="com.kexim.branchestestsuite.BR_tc003_createBranch"/>
</testsuite> <!-- com.kexim.branchestestsuite.BR_tc003_createBranch -->
